#
# There is insufficient memory for the Java Runtime Environment to continue.
# Native memory allocation (mmap) failed to map 123731968 bytes for G1 virtual space
# Possible reasons:
#   The system is out of physical RAM or swap space
#   The process is running with CompressedOops enabled, and the Java Heap may be blocking the growth of the native heap
# Possible solutions:
#   Reduce memory load on the system
#   Increase physical memory or swap space
#   Check if swap backing store is full
#   Decrease Java heap size (-Xmx/-Xms)
#   Decrease number of Java threads
#   Decrease Java thread stack sizes (-Xss)
#   Set larger code cache with -XX:ReservedCodeCacheSize=
#   JVM is running with Unscaled Compressed Oops mode in which the Java heap is
#     placed in the first 4GB address space. The Java Heap base address is the
#     maximum limit for the native heap growth. Please use -XX:HeapBaseMinAddress
#     to set the Java Heap base and to place the Java Heap above 4GB virtual address.
# This output file may be truncated or incomplete.
#
#  Out of Memory Error (os_windows.cpp:3550), pid=13964, tid=3684
#
# JRE version:  (17.0.7+8) (build )
# Java VM: Java HotSpot(TM) 64-Bit Server VM (17.0.7+8-LTS-224, mixed mode, sharing, tiered, compressed oops, compressed class ptrs, g1 gc, windows-amd64)
# No core dump will be written. Minidumps are not enabled by default on client versions of Windows
#

---------------  S U M M A R Y ------------

Command Line: -javaagent:C:\Program Files\JetBrains\IntelliJ IDEA Community Edition 2025.1\lib\idea_rt.jar=50073 -Dfile.encoding=UTF-8 lab_1.Person

Host: AMD Ryzen 5 5500U with Radeon Graphics         , 12 cores, 7G,  Windows 11 , 64 bit Build 22621 (10.0.22621.5124)
Time: Fri May  2 17:54:06 2025 India Standard Time elapsed time: 0.027445 seconds (0d 0h 0m 0s)

---------------  T H R E A D  ---------------

Current thread (0x000001ec18071470):  JavaThread "Unknown thread" [_thread_in_vm, id=3684, stack(0x0000009ffd500000,0x0000009ffd600000)]

Stack: [0x0000009ffd500000,0x0000009ffd600000]
Native frames: (J=compiled Java code, j=interpreted, Vv=VM code, C=native code)
V  [jvm.dll+0x676a4a]
V  [jvm.dll+0x7d74f4]
V  [jvm.dll+0x7d8c9e]
V  [jvm.dll+0x7d9303]
V  [jvm.dll+0x2452c5]
V  [jvm.dll+0x6738f9]
V  [jvm.dll+0x668232]
V  [jvm.dll+0x302826]
V  [jvm.dll+0x309da6]
V  [jvm.dll+0x35952e]
V  [jvm.dll+0x35975f]
V  [jvm.dll+0x2d9a38]
V  [jvm.dll+0x2da9a4]
V  [jvm.dll+0x7a8fb1]
V  [jvm.dll+0x3670e1]
V  [jvm.dll+0x788359]
V  [jvm.dll+0x3ea5ef]
V  [jvm.dll+0x3ec071]
C  [jli.dll+0x5297]
C  [ucrtbase.dll+0x29333]
C  [KERNEL32.DLL+0x1259d]
C  [ntdll.dll+0x5af38]


---------------  P R O C E S S  ---------------

Threads class SMR info:
_java_thread_list=0x00007ffe447a4998, length=0, elements={
}

Java Threads: ( => current thread )

Other Threads:
  0x000001ec180c68e0 GCTaskThread "GC Thread#0" [stack: 0x0000009ffd600000,0x0000009ffd700000] [id=19132]
  0x000001ec180d62a0 ConcurrentGCThread "G1 Main Marker" [stack: 0x0000009ffd700000,0x0000009ffd800000] [id=18180]
  0x000001ec180d6cb0 ConcurrentGCThread "G1 Conc#0" [stack: 0x0000009ffd800000,0x0000009ffd900000] [id=17108]

[error occurred during error reporting (printing all threads), id 0xc0000005, EXCEPTION_ACCESS_VIOLATION (0xc0000005) at pc=0x00007ffe43fda697]

VM state: not at safepoint (not fully initialized)

VM Mutex/Monitor currently owned by a thread:  ([mutex/lock_event])
[0x000001ec1806b1f0] Heap_lock - owner thread: 0x000001ec18071470

Heap address: 0x000000008ac00000, size: 1876 MB, Compressed Oops mode: 32-bit

CDS archive(s) mapped at: [0x0000000000000000-0x0000000000000000-0x0000000000000000), size 0, SharedBaseAddress: 0x0000000800000000, ArchiveRelocationMode: 0.
Narrow klass base: 0x0000000000000000, Narrow klass shift: 0, Narrow klass range: 0x0

GC Precious Log:
<Empty>

Heap:
 garbage-first heap   total 0K, used 0K [0x000000008ac00000, 0x0000000100000000)
  region size 1024K, 0 young (0K), 0 survivors (0K)

[error occurred during error reporting (printing heap information), id 0xc0000005, EXCEPTION_ACCESS_VIOLATION (0xc0000005) at pc=0x00007ffe443c00b9]

GC Heap History (0 events):
No events

Deoptimization events (0 events):
No events

Classes unloaded (0 events):
No events

Classes redefined (0 events):
No events

Internal exceptions (0 events):
No events

VM Operations (0 events):
No events

Events (1 events):
Event: 0.020 Loaded shared library C:\Program Files\Java\jdk-17\bin\java.dll


Dynamic libraries:
0x00007ff72f3e0000 - 0x00007ff72f3f0000 	C:\Program Files\Java\jdk-17\bin\java.exe
0x00007ffe94970000 - 0x00007ffe94b87000 	C:\WINDOWS\SYSTEM32\ntdll.dll
0x00007ffe926c0000 - 0x00007ffe92784000 	C:\WINDOWS\System32\KERNEL32.DLL
0x00007ffe91c50000 - 0x00007ffe92023000 	C:\WINDOWS\System32\KERNELBASE.dll
0x00007ffe92430000 - 0x00007ffe92541000 	C:\WINDOWS\System32\ucrtbase.dll
0x00007ffe8ed20000 - 0x00007ffe8ed39000 	C:\Program Files\Java\jdk-17\bin\jli.dll
0x00007ffe8ed40000 - 0x00007ffe8ed5b000 	C:\Program Files\Java\jdk-17\bin\VCRUNTIME140.dll
0x00007ffe93390000 - 0x00007ffe93441000 	C:\WINDOWS\System32\ADVAPI32.dll
0x00007ffe94710000 - 0x00007ffe947b7000 	C:\WINDOWS\System32\msvcrt.dll
0x00007ffe92610000 - 0x00007ffe926b8000 	C:\WINDOWS\System32\sechost.dll
0x00007ffe92400000 - 0x00007ffe92428000 	C:\WINDOWS\System32\bcrypt.dll
0x00007ffe93120000 - 0x00007ffe93234000 	C:\WINDOWS\System32\RPCRT4.dll
0x00007ffe92930000 - 0x00007ffe92ae1000 	C:\WINDOWS\System32\USER32.dll
0x00007ffe91ba0000 - 0x00007ffe91bc6000 	C:\WINDOWS\System32\win32u.dll
0x00007ffe947d0000 - 0x00007ffe947f9000 	C:\WINDOWS\System32\GDI32.dll
0x00007ffe77720000 - 0x00007ffe779b8000 	C:\WINDOWS\WinSxS\amd64_microsoft.windows.common-controls_6595b64144ccf1df_6.0.22621.5124_none_270e8f4f7386d69d\COMCTL32.dll
0x00007ffe91a80000 - 0x00007ffe91b9b000 	C:\WINDOWS\System32\gdi32full.dll
0x00007ffe92360000 - 0x00007ffe923fa000 	C:\WINDOWS\System32\msvcp_win.dll
0x00007ffe85fb0000 - 0x00007ffe85fba000 	C:\WINDOWS\SYSTEM32\VERSION.dll
0x00007ffe948e0000 - 0x00007ffe94911000 	C:\WINDOWS\System32\IMM32.DLL
0x00007ffe89b60000 - 0x00007ffe89b6c000 	C:\Program Files\Java\jdk-17\bin\vcruntime140_1.dll
0x00007ffe6a340000 - 0x00007ffe6a3ce000 	C:\Program Files\Java\jdk-17\bin\msvcp140.dll
0x00007ffe43cf0000 - 0x00007ffe448cd000 	C:\Program Files\Java\jdk-17\bin\server\jvm.dll
0x00007ffe947c0000 - 0x00007ffe947c8000 	C:\WINDOWS\System32\PSAPI.DLL
0x00007ffe72180000 - 0x00007ffe72189000 	C:\WINDOWS\SYSTEM32\WSOCK32.dll
0x00007ffe936e0000 - 0x00007ffe93751000 	C:\WINDOWS\System32\WS2_32.dll
0x00007ffe8c380000 - 0x00007ffe8c3b4000 	C:\WINDOWS\SYSTEM32\WINMM.dll
0x00007ffe90ab0000 - 0x00007ffe90ac8000 	C:\WINDOWS\SYSTEM32\kernel.appcore.dll
0x00007ffe89b50000 - 0x00007ffe89b5a000 	C:\Program Files\Java\jdk-17\bin\jimage.dll
0x00007ffe885f0000 - 0x00007ffe88822000 	C:\WINDOWS\SYSTEM32\DBGHELP.DLL
0x00007ffe93920000 - 0x00007ffe93cb2000 	C:\WINDOWS\System32\combase.dll
0x00007ffe94800000 - 0x00007ffe948d7000 	C:\WINDOWS\System32\OLEAUT32.dll
0x00007ffe73570000 - 0x00007ffe735a2000 	C:\WINDOWS\SYSTEM32\dbgcore.DLL
0x00007ffe91bd0000 - 0x00007ffe91c4b000 	C:\WINDOWS\System32\bcryptPrimitives.dll
0x00007ffe89b10000 - 0x00007ffe89b1e000 	C:\Program Files\Java\jdk-17\bin\instrument.dll
0x00007ffe89b20000 - 0x00007ffe89b45000 	C:\Program Files\Java\jdk-17\bin\java.dll

dbghelp: loaded successfully - version: 4.0.5 - missing functions: none
symbol engine: initialized successfully - sym options: 0x614 - pdb path: .;C:\Program Files\Java\jdk-17\bin;C:\WINDOWS\SYSTEM32;C:\WINDOWS\WinSxS\amd64_microsoft.windows.common-controls_6595b64144ccf1df_6.0.22621.5124_none_270e8f4f7386d69d;C:\Program Files\Java\jdk-17\bin\server

VM Arguments:
jvm_args: -javaagent:C:\Program Files\JetBrains\IntelliJ IDEA Community Edition 2025.1\lib\idea_rt.jar=50073 -Dfile.encoding=UTF-8 
java_command: lab_1.Person
java_class_path (initial): C:\Users\piyus\IdeaProjects\Anudip_PIJ_Labs\out\production\Anudip_PIJ_Labs
Launcher Type: SUN_STANDARD

[Global flags]
     intx CICompilerCount                          = 4                                         {product} {ergonomic}
     uint ConcGCThreads                            = 3                                         {product} {ergonomic}
     uint G1ConcRefinementThreads                  = 10                                        {product} {ergonomic}
   size_t G1HeapRegionSize                         = 1048576                                   {product} {ergonomic}
    uintx GCDrainStackTargetSize                   = 64                                        {product} {ergonomic}
   size_t InitialHeapSize                          = 123731968                                 {product} {ergonomic}
   size_t MarkStackSize                            = 4194304                                   {product} {ergonomic}
   size_t MaxHeapSize                              = 1967128576                                {product} {ergonomic}
   size_t MinHeapDeltaBytes                        = 1048576                                   {product} {ergonomic}
   size_t MinHeapSize                              = 8388608                                   {product} {ergonomic}
    uintx NonNMethodCodeHeapSize                   = 5839372                                {pd product} {ergonomic}
    uintx NonProfiledCodeHeapSize                  = 122909434                              {pd product} {ergonomic}
    uintx ProfiledCodeHeapSize                     = 122909434                              {pd product} {ergonomic}
    uintx ReservedCodeCacheSize                    = 251658240                              {pd product} {ergonomic}
     bool SegmentedCodeCache                       = true                                      {product} {ergonomic}
   size_t SoftMaxHeapSize                          = 1967128576                             {manageable} {ergonomic}
     bool UseCompressedClassPointers               = true                           {product lp64_product} {ergonomic}
     bool UseCompressedOops                        = true                           {product lp64_product} {ergonomic}
     bool UseG1GC                                  = true                                      {product} {ergonomic}
     bool UseLargePagesIndividualAllocation        = false                                  {pd product} {ergonomic}

Logging:
Log output configuration:
 #0: stdout all=warning uptime,level,tags
 #1: stderr all=off uptime,level,tags

Environment Variables:
PATH=C:\Program Files\Common Files\Oracle\Java\javapath;C:\windows\system32;C:\windows;C:\windows\System32\Wbem;C:\windows\System32\WindowsPowerShell\v1.0\;C:\windows\System32\OpenSSH\;C:\MinGW\bin;C:\Program Files\nodejs\;C:\Program Files\MongoDB\Server\7.0\bin;C:\Program Files\Git\cmd;C:\Program Files (x86)\PDFtk\bin\;C:\Program Files\HP\HP One Agent;C:\WINDOWS\system32;C:\WINDOWS;C:\WINDOWS\System32\Wbem;C:\WINDOWS\System32\WindowsPowerShell\v1.0\;C:\WINDOWS\System32\OpenSSH\;C:\Program Files\Neovim\bin;C:\Program Files\Docker\Docker\resources\bin;C:\Program Files\MySQL\MySQL Shell 8.0\bin\;C:\Users\piyus\AppData\Local\Microsoft\WindowsApps;;C:\Users\piyus\AppData\Local\Programs\Microsoft VS Code\bin;C:\Users\piyus\AppData\Roaming\npm;C:\Program Files\JetBrains\IntelliJ IDEA Community Edition 2025.1\bin;
USERNAME=piyus
OS=Windows_NT
PROCESSOR_IDENTIFIER=AMD64 Family 23 Model 104 Stepping 1, AuthenticAMD



---------------  S Y S T E M  ---------------

OS:
 Windows 11 , 64 bit Build 22621 (10.0.22621.5124)
OS uptime: 0 days 0:16 hours
Hyper-V role detected

CPU: total 12 (initial active 12) (12 cores per cpu, 2 threads per core) family 23 model 104 stepping 1 microcode 0x0, cx8, cmov, fxsr, ht, mmx, 3dnowpref, sse, sse2, sse3, ssse3, sse4a, sse4.1, sse4.2, popcnt, lzcnt, tsc, tscinvbit, avx, avx2, aes, clmul, bmi1, bmi2, adx, sha, fma, vzeroupper, clflush, clflushopt, hv

Memory: 4k page, system-wide physical 7501M (812M free)
TotalPageFile size 11791M (AvailPageFile size 85M)
current process WorkingSet (physical memory assigned to process): 11M, peak: 11M
current process commit charge ("private bytes"): 64M, peak: 182M

vm_info: Java HotSpot(TM) 64-Bit Server VM (17.0.7+8-LTS-224) for windows-amd64 JRE (17.0.7+8-LTS-224), built on Feb 28 2023 23:03:02 by "mach5one" with MS VC++ 17.1 (VS2022)

END.
